<?xml version="1.0" encoding="UTF-8"?>
<!-- Generated by org.testng.reporters.JUnitXMLReporter -->
<testsuite ignored="2" hostname="DESKTOP-BTLKNVR" failures="0" tests="1" name="Test" time="0.078" errors="0" timestamp="2022-12-06T11:13:39 IST">
  <testcase classname="jenkinsSample.sampleTest" name="tets" time="0.01"/>
  <testcase classname="jenkinsSample.sampleTest" name="regrssiontets" time="0.0">
    <ignored/>
  </testcase> <!-- regrssiontets -->
  <testcase classname="jenkinsSample.sampleTest" name="smoketets" time="0.0">
    <ignored/>
  </testcase> <!-- smoketets -->
</testsuite> <!-- Test -->
