<?xml version="1.0" encoding="UTF-8"?>
<testng-results ignored="2" total="3" passed="1" failed="0" skipped="0">
  <reporter-output>
  </reporter-output>
  <suite started-at="2022-12-06T11:13:39 IST" name="Suite" finished-at="2022-12-06T11:13:39 IST" duration-ms="78">
    <groups>
    </groups>
    <test started-at="2022-12-06T11:13:39 IST" name="Test" finished-at="2022-12-06T11:13:39 IST" duration-ms="78">
      <class name="jenkinsSample.sampleTest">
        <test-method signature="tets()[pri:0, instance:jenkinsSample.sampleTest@1725dc0f]" started-at="2022-12-06T11:13:39 IST" name="tets" finished-at="2022-12-06T11:13:39 IST" duration-ms="10" status="PASS">
          <reporter-output>
          </reporter-output>
        </test-method> <!-- tets -->
      </class> <!-- jenkinsSample.sampleTest -->
    </test> <!-- Test -->
  </suite> <!-- Suite -->
</testng-results>
